C51 COMPILER V9.60.0.0   PROGRAM                                                           10/22/2020 05:11:09 PAGE 1   


C51 COMPILER V9.60.0.0, COMPILATION OF MODULE PROGRAM
OBJECT MODULE PLACED IN .\Objects\Program.obj
COMPILER INVOKED BY: C:\Keil_v5\C51\BIN\C51.EXE Program.c OPTIMIZE(1,SPEED) BROWSE DEBUG OBJECTEXTEND CODE PRINT(.\Listi
                    -ngs\Program.lst) TABS(2) OBJECT(.\Objects\Program.obj)

line level    source

   1          #include <reg51.h>
   2          
   3          typedef unsigned int uint16_t;
   4          typedef unsigned char uint8_t;
   5          
   6          main() {
   7   1          uint16_t num, x, m = 100;
   8   1          uint8_t j;
   9   1        
  10   1          for (x = 0; x < 100; x++) {
  11   2              num = m + x;
  12   2              for( j = 0; j < 50; j++ )
  13   2                  num = m + x * num / m;
  14   2              P3 = num;
  15   2          }
  16   1          while(1);
  17   1      }
  18          
  19          
  20          
  21          
  22          
  23          
  24          
  25          
  26          
  27          
C51 COMPILER V9.60.0.0   PROGRAM                                                           10/22/2020 05:11:09 PAGE 2   

ASSEMBLY LISTING OF GENERATED OBJECT CODE


             ; FUNCTION main (BEGIN)
                                           ; SOURCE LINE # 6
                                           ; SOURCE LINE # 7
0000 750000      R     MOV     m,#00H
0003 750064      R     MOV     m+01H,#064H
                                           ; SOURCE LINE # 10
0006 750000      R     MOV     x,#00H
0009 750000      R     MOV     x+01H,#00H
000C         ?C0001:
000C C3                CLR     C
000D E500        R     MOV     A,x+01H
000F 9464              SUBB    A,#064H
0011 E500        R     MOV     A,x
0013 9400              SUBB    A,#00H
0015 504B              JNC     ?C0007
                                           ; SOURCE LINE # 11
0017 E500        R     MOV     A,m+01H
0019 2500        R     ADD     A,x+01H
001B F500        R     MOV     num+01H,A
001D E500        R     MOV     A,m
001F 3500        R     ADDC    A,x
0021 F500        R     MOV     num,A
                                           ; SOURCE LINE # 12
0023 750000      R     MOV     j,#00H
0026         ?C0004:
0026 AF00        R     MOV     R7,j
0028 7E00              MOV     R6,#00H
002A C3                CLR     C
002B EF                MOV     A,R7
002C 9432              SUBB    A,#032H
002E EE                MOV     A,R6
002F 6480              XRL     A,#080H
0031 9480              SUBB    A,#080H
0033 5020              JNC     ?C0005
                                           ; SOURCE LINE # 13
0035 AC00        R     MOV     R4,num
0037 AD00        R     MOV     R5,num+01H
0039 AE00        R     MOV     R6,x
003B AF00        R     MOV     R7,x+01H
003D 120000      E     LCALL   ?C?IMUL
0040 AC00        R     MOV     R4,m
0042 AD00        R     MOV     R5,m+01H
0044 120000      E     LCALL   ?C?UIDIV
0047 EF                MOV     A,R7
0048 2500        R     ADD     A,m+01H
004A F500        R     MOV     num+01H,A
004C EE                MOV     A,R6
004D 3500        R     ADDC    A,m
004F F500        R     MOV     num,A
0051 0500        R     INC     j
0053 80D1              SJMP    ?C0004
0055         ?C0005:
                                           ; SOURCE LINE # 14
0055 8500B0      R     MOV     P3,num+01H
                                           ; SOURCE LINE # 15
0058 0500        R     INC     x+01H
005A E500        R     MOV     A,x+01H
005C 7002              JNZ     ?C0010
005E 0500        R     INC     x
C51 COMPILER V9.60.0.0   PROGRAM                                                           10/22/2020 05:11:09 PAGE 3   

0060         ?C0010:
0060 80AA              SJMP    ?C0001
0062         ?C0007:
                                           ; SOURCE LINE # 16
0062 80FE              SJMP    ?C0007
0064 22                RET     
             ; FUNCTION main (END)



MODULE INFORMATION:   STATIC OVERLAYABLE
   CODE SIZE        =    101    ----
   CONSTANT SIZE    =   ----    ----
   XDATA SIZE       =   ----    ----
   PDATA SIZE       =   ----    ----
   DATA SIZE        =      7    ----
   IDATA SIZE       =   ----    ----
   BIT SIZE         =   ----    ----
END OF MODULE INFORMATION.


C51 COMPILATION COMPLETE.  0 WARNING(S),  0 ERROR(S)
