C51 COMPILER V9.60.0.0   PROGRAM                                                           10/22/2020 03:15:04 PAGE 1   


C51 COMPILER V9.60.0.0, COMPILATION OF MODULE PROGRAM
OBJECT MODULE PLACED IN .\Objects\Program.obj
COMPILER INVOKED BY: C:\Keil_v5\C51\BIN\C51.EXE Program.c OPTIMIZE(1,SPEED) BROWSE DEBUG OBJECTEXTEND CODE PRINT(.\Listi
                    -ngs\Program.lst) TABS(2) OBJECT(.\Objects\Program.obj)

line level    source

   1          #include <reg51.h>
   2          
   3          main() {
   4   1          float x, y;
   5   1          for (x = 0; x < 1; x += 0.1){
   6   2              y = 1 / (1 - x);
   7   2            P3 = y;
   8   2          }
   9   1          while(1);
  10   1      }
C51 COMPILER V9.60.0.0   PROGRAM                                                           10/22/2020 03:15:04 PAGE 2   

ASSEMBLY LISTING OF GENERATED OBJECT CODE


             ; FUNCTION main (BEGIN)
                                           ; SOURCE LINE # 3
                                           ; SOURCE LINE # 5
0000 750000      R     MOV     x+03H,#00H
0003 750000      R     MOV     x+02H,#00H
0006 750000      R     MOV     x+01H,#00H
0009 750000      R     MOV     x,#00H
000C         ?C0001:
000C 7F00              MOV     R7,#00H
000E 7E00              MOV     R6,#00H
0010 7D80              MOV     R5,#080H
0012 7C3F              MOV     R4,#03FH
0014 AB00        R     MOV     R3,x+03H
0016 AA00        R     MOV     R2,x+02H
0018 A900        R     MOV     R1,x+01H
001A A800        R     MOV     R0,x
001C 120000      E     LCALL   ?C?FPCMP3
001F 5058              JNC     ?C0004
                                           ; SOURCE LINE # 6
0021 AB00        R     MOV     R3,x+03H
0023 AA00        R     MOV     R2,x+02H
0025 A900        R     MOV     R1,x+01H
0027 A800        R     MOV     R0,x
0029 7F00              MOV     R7,#00H
002B 7E00              MOV     R6,#00H
002D 7D80              MOV     R5,#080H
002F 7C3F              MOV     R4,#03FH
0031 120000      E     LCALL   ?C?FPSUB
0034 A804              MOV     R0,AR4
0036 A905              MOV     R1,AR5
0038 AA06              MOV     R2,AR6
003A AB07              MOV     R3,AR7
003C 7F00              MOV     R7,#00H
003E 7E00              MOV     R6,#00H
0040 7D80              MOV     R5,#080H
0042 7C3F              MOV     R4,#03FH
0044 120000      E     LCALL   ?C?FPDIV
0047 8F00        R     MOV     y+03H,R7
0049 8E00        R     MOV     y+02H,R6
004B 8D00        R     MOV     y+01H,R5
004D 8C00        R     MOV     y,R4
                                           ; SOURCE LINE # 7
004F AF00        R     MOV     R7,y+03H
0051 AE00        R     MOV     R6,y+02H
0053 AD00        R     MOV     R5,y+01H
0055 AC00        R     MOV     R4,y
0057 120000      E     LCALL   ?C?CASTF
005A 8FB0              MOV     P3,R7
                                           ; SOURCE LINE # 8
005C AF00        R     MOV     R7,x+03H
005E AE00        R     MOV     R6,x+02H
0060 AD00        R     MOV     R5,x+01H
0062 AC00        R     MOV     R4,x
0064 7BCD              MOV     R3,#0CDH
0066 7ACC              MOV     R2,#0CCH
0068 79CC              MOV     R1,#0CCH
006A 783D              MOV     R0,#03DH
006C 120000      E     LCALL   ?C?FPADD
006F 8F00        R     MOV     x+03H,R7
C51 COMPILER V9.60.0.0   PROGRAM                                                           10/22/2020 03:15:04 PAGE 3   

0071 8E00        R     MOV     x+02H,R6
0073 8D00        R     MOV     x+01H,R5
0075 8C00        R     MOV     x,R4
0077 8093              SJMP    ?C0001
0079         ?C0004:
                                           ; SOURCE LINE # 9
0079 80FE              SJMP    ?C0004
007B 22                RET     
             ; FUNCTION main (END)



MODULE INFORMATION:   STATIC OVERLAYABLE
   CODE SIZE        =    124    ----
   CONSTANT SIZE    =   ----    ----
   XDATA SIZE       =   ----    ----
   PDATA SIZE       =   ----    ----
   DATA SIZE        =      8    ----
   IDATA SIZE       =   ----    ----
   BIT SIZE         =   ----    ----
END OF MODULE INFORMATION.


C51 COMPILATION COMPLETE.  0 WARNING(S),  0 ERROR(S)
